2020-08-17 10:15:26 INFO  ApacheHttpClient.getWebResourceAsStream(494) - responseCode = 200
2020-08-17 10:15:26 INFO  ApacheHttpClient.getTask(480) - responseCode = 200
2020-08-17 10:15:29 INFO  ApacheHttpClient.sendEvent(527) - responseCode = 200
2020-08-17 10:16:29 INFO  ApacheHttpClient.sendEvent(527) - responseCode = 200
2020-08-17 10:17:29 INFO  ApacheHttpClient.sendEvent(527) - responseCode = 200
2020-08-17 10:18:29 INFO  ApacheHttpClient.sendEvent(527) - responseCode = 200
2020-08-17 10:18:35 INFO  ApacheHttpClient.getWebResourceAsStream(494) - responseCode = 200
2020-08-17 10:18:36 INFO  ApacheHttpClient.getWebResourceAsStream(494) - responseCode = 200
2020-08-17 10:18:36 INFO  ApacheHttpClient.getTask(480) - responseCode = 200
2020-08-17 10:18:37 INFO  ApacheHttpClient.completed(28) - responseCode = 200
2020-08-17 10:18:37 INFO  ApacheHttpClient.getTask(480) - responseCode = 200
2020-08-17 10:19:29 INFO  ApacheHttpClient.sendEvent(527) - responseCode = 200
2020-08-17 10:20:29 INFO  ApacheHttpClient.sendEvent(527) - responseCode = 200
2020-08-17 10:21:29 INFO  ApacheHttpClient.sendEvent(527) - responseCode = 200
2020-08-17 10:22:29 INFO  ApacheHttpClient.sendEvent(527) - responseCode = 200
2020-08-17 10:23:29 INFO  ApacheHttpClient.sendEvent(527) - responseCode = 200
2020-08-17 10:24:29 INFO  ApacheHttpClient.sendEvent(527) - responseCode = 200
2020-08-17 10:25:29 INFO  ApacheHttpClient.sendEvent(527) - responseCode = 200
2020-08-17 10:26:29 INFO  ApacheHttpClient.sendEvent(527) - responseCode = 200
2020-08-17 10:27:29 INFO  ApacheHttpClient.sendEvent(527) - responseCode = 200
2020-08-17 10:28:29 INFO  ApacheHttpClient.sendEvent(527) - responseCode = 200
2020-08-17 10:29:11 INFO  ApacheHttpClient.getWebResourceAsStream(494) - responseCode = 200
2020-08-17 10:29:11 INFO  ApacheHttpClient.getFilteredTasks(333) - responseCode = 200
2020-08-17 10:29:12 INFO  ApacheHttpClient.getTaskTemplateInfo(350) - responseCode = 200
2020-08-17 10:29:13 INFO  ApacheHttpClient.getWebResourceAsStream(494) - responseCode = 200
2020-08-17 10:29:29 INFO  ApacheHttpClient.sendEvent(527) - responseCode = 200
2020-08-17 10:29:49 INFO  ApacheHttpClient.getWebResourceAsStream(494) - responseCode = 200
2020-08-17 10:29:49 INFO  ApacheHttpClient.getTask(480) - responseCode = 200
2020-08-17 10:29:49 INFO  ApacheHttpClient.getWebResourceAsStream(494) - responseCode = 200
2020-08-17 10:29:50 INFO  ApacheHttpClient.completed(28) - responseCode = 200
2020-08-17 10:30:29 INFO  ApacheHttpClient.sendEvent(527) - responseCode = 200
2020-08-17 10:30:36 INFO  ApacheHttpClient.getWebResourceAsStream(494) - responseCode = 200
2020-08-17 10:30:36 INFO  ApacheHttpClient.getTask(480) - responseCode = 200
2020-08-17 10:30:36 INFO  ApacheHttpClient.getWebResourceAsStream(494) - responseCode = 200
2020-08-17 10:30:37 INFO  ApacheHttpClient.completed(28) - responseCode = 200
2020-08-17 10:31:16 INFO  ApacheHttpClient.getWebResourceAsStream(494) - responseCode = 200
2020-08-17 10:31:17 INFO  ApacheHttpClient.getTask(480) - responseCode = 200
2020-08-17 10:31:17 INFO  ApacheHttpClient.getWebResourceAsStream(494) - responseCode = 200
2020-08-17 10:31:17 INFO  ApacheHttpClient.completed(28) - responseCode = 200
2020-08-17 10:31:18 INFO  ApacheHttpClient.getTask(480) - responseCode = 200
2020-08-17 10:31:20 INFO  ApacheHttpClient.getWebResourceAsStream(494) - responseCode = 200
2020-08-17 10:31:20 INFO  ApacheHttpClient.getFilteredTasks(333) - responseCode = 200
2020-08-17 10:31:22 INFO  ApacheHttpClient.getTaskTemplateInfo(350) - responseCode = 200
2020-08-17 10:31:23 INFO  ApacheHttpClient.getWebResourceAsStream(494) - responseCode = 200
2020-08-17 10:31:29 INFO  ApacheHttpClient.sendEvent(527) - responseCode = 200
2020-08-17 10:32:29 INFO  ApacheHttpClient.sendEvent(527) - responseCode = 200
